
=== Tue Feb 18 17:52:26 2020

Packages were changed.
Update Mode: updateDependencies

The following packages were updated:
  com.unity.ide.rider from version 1.1.0 to 1.1.4
  com.unity.ide.vscode from version 1.1.2 to 1.1.4
  com.unity.render-pipelines.universal from version 7.1.2 to 7.1.8
  com.unity.test-framework from version 1.1.3 to 1.1.9
  com.unity.timeline from version 1.2.4 to 1.2.10

=== Mon Jan 25 15:40:52 2021

Packages were changed.
Update Mode: updateDependencies

The following packages were updated:
  com.unity.test-framework from version 1.1.9 to 1.1.14

=== Tue Jan 26 17:03:59 2021

Packages were changed.
Update Mode: updateDependencies

The following packages were updated:
  com.unity.2d.animation from version 3.2.3 to 3.2.5
  com.unity.test-framework from version 1.1.14 to 1.1.20
